[2024-01-15 11:19:23 [32mINFO [0;39m restartedMain] [com.green.greengram4.Greengram4Application] [36mStarting Greengram4Application using Java 17.0.8.1 with PID 6116 (D:\green\greengram4\build\classes\java\main started by Administrator in D:\green\greengram4)[0;39m
[2024-01-15 11:19:23 [32mDEBUG[0;39m restartedMain] [com.green.greengram4.Greengram4Application] [36mRunning with Spring Boot v3.2.1, Spring v6.1.2[0;39m
[2024-01-15 11:19:23 [32mINFO [0;39m restartedMain] [com.green.greengram4.Greengram4Application] [36mNo active profile set, falling back to 1 default profile: "default"[0;39m
[2024-01-15 11:19:23 [32mINFO [0;39m restartedMain] [org.springframework.boot.devtools.env.DevToolsPropertyDefaultsPostProcessor] [36mDevtools property defaults active! Set 'spring.devtools.add-properties' to 'false' to disable[0;39m
[2024-01-15 11:19:23 [32mINFO [0;39m restartedMain] [org.springframework.boot.devtools.env.DevToolsPropertyDefaultsPostProcessor] [36mFor additional web related logging consider setting the 'logging.level.web' property to 'DEBUG'[0;39m
[2024-01-15 11:19:24 [32mINFO [0;39m restartedMain] [org.springframework.boot.web.embedded.tomcat.TomcatWebServer] [36mTomcat initialized with port 8080 (http)[0;39m
[2024-01-15 11:19:24 [32mINFO [0;39m restartedMain] [org.apache.coyote.http11.Http11NioProtocol] [36mInitializing ProtocolHandler ["http-nio-8080"][0;39m
[2024-01-15 11:19:24 [32mINFO [0;39m restartedMain] [org.apache.catalina.core.StandardService] [36mStarting service [Tomcat][0;39m
[2024-01-15 11:19:24 [32mINFO [0;39m restartedMain] [org.apache.catalina.core.StandardEngine] [36mStarting Servlet engine: [Apache Tomcat/10.1.17][0;39m
[2024-01-15 11:19:24 [32mINFO [0;39m restartedMain] [org.apache.catalina.core.ContainerBase.[Tomcat].[localhost].[/]] [36mInitializing Spring embedded WebApplicationContext[0;39m
[2024-01-15 11:19:24 [32mINFO [0;39m restartedMain] [org.springframework.boot.web.servlet.context.ServletWebServerApplicationContext] [36mRoot WebApplicationContext: initialization completed in 1018 ms[0;39m
[2024-01-15 11:19:24 [32mDEBUG[0;39m restartedMain] [com.green.greengram4.security.JwtAuthenticationFilter] [36mFilter 'jwtAuthenticationFilter' configured for use[0;39m
[2024-01-15 11:19:24 [32mINFO [0;39m restartedMain] [com.green.greengram4.common.FirebaseConfiguration] [36mFirebaseApp Initialization Complete !!![0;39m
[2024-01-15 11:19:24 [32mINFO [0;39m restartedMain] [com.green.greengram4.common.FirebaseConfiguration] [36mFirebaseApp's class = class com.green.greengram4.common.FirebaseConfiguration$$SpringCGLIB$$0[0;39m
[2024-01-15 11:19:24 [33mWARN [0;39m restartedMain] [org.springframework.boot.autoconfigure.security.servlet.UserDetailsServiceAutoConfiguration] [36m

Using generated security password: 665bce38-a006-4182-90ad-0361cf993071

This generated password is for development use only. Your security configuration must be updated before running your application in production.
[0;39m
[2024-01-15 11:19:24 [32mINFO [0;39m restartedMain] [com.green.greengram4.security.SecurityConfiguration] [36mcheckClass = class com.green.greengram4.security.SecurityConfiguration$$SpringCGLIB$$0[0;39m
[2024-01-15 11:19:24 [32mINFO [0;39m restartedMain] [org.springframework.boot.autoconfigure.web.servlet.WelcomePageHandlerMapping] [36mAdding welcome page: class path resource [static/index.html][0;39m
[2024-01-15 11:19:24 [32mINFO [0;39m restartedMain] [org.springframework.security.web.DefaultSecurityFilterChain] [36mWill secure any request with [org.springframework.security.web.session.DisableEncodeUrlFilter@7253aaca, org.springframework.security.web.context.request.async.WebAsyncManagerIntegrationFilter@1507d174, org.springframework.security.web.context.SecurityContextHolderFilter@59f9332, org.springframework.security.web.header.HeaderWriterFilter@2ec4814b, org.springframework.web.filter.CorsFilter@2413cbe0, org.springframework.security.web.authentication.logout.LogoutFilter@294a124d, com.green.greengram4.security.JwtAuthenticationFilter@1f7abbc1, org.springframework.security.web.savedrequest.RequestCacheAwareFilter@7a10f11d, org.springframework.security.web.servletapi.SecurityContextHolderAwareRequestFilter@16f734dc, org.springframework.security.web.authentication.AnonymousAuthenticationFilter@252b2818, org.springframework.security.web.session.SessionManagementFilter@529d7a4c, org.springframework.security.web.access.ExceptionTranslationFilter@2827256a, org.springframework.security.web.access.intercept.AuthorizationFilter@5186d6b2][0;39m
[2024-01-15 11:19:25 [32mINFO [0;39m restartedMain] [org.springframework.boot.devtools.autoconfigure.OptionalLiveReloadServer] [36mLiveReload server is running on port 35729[0;39m
[2024-01-15 11:19:25 [32mINFO [0;39m restartedMain] [org.apache.coyote.http11.Http11NioProtocol] [36mStarting ProtocolHandler ["http-nio-8080"][0;39m
[2024-01-15 11:19:25 [32mINFO [0;39m restartedMain] [org.springframework.boot.web.embedded.tomcat.TomcatWebServer] [36mTomcat started on port 8080 (http) with context path ''[0;39m
[2024-01-15 11:19:25 [32mINFO [0;39m restartedMain] [com.green.greengram4.Greengram4Application] [36mStarted Greengram4Application in 2.223 seconds (process running for 2.661)[0;39m
[2024-01-15 11:20:01 [32mINFO [0;39m http-nio-8080-exec-4] [org.apache.catalina.core.ContainerBase.[Tomcat].[localhost].[/]] [36mInitializing Spring DispatcherServlet 'dispatcherServlet'[0;39m
[2024-01-15 11:20:01 [32mINFO [0;39m http-nio-8080-exec-4] [org.springframework.web.servlet.DispatcherServlet] [36mInitializing Servlet 'dispatcherServlet'[0;39m
[2024-01-15 11:20:01 [32mINFO [0;39m http-nio-8080-exec-4] [org.springframework.web.servlet.DispatcherServlet] [36mCompleted initialization in 1 ms[0;39m
[2024-01-15 11:20:01 [32mINFO [0;39m http-nio-8080-exec-4] [com.green.greengram4.security.JwtAuthenticationFilter] [36mJwtAuthentication-Token = eyJhbGciOiJIUzI1NiJ9.eyJ1c2VyIjoie1wiaXVzZXJcIjoxfSIsImlhdCI6MTcwNTAyMDg4MiwiZXhwIjoxNzA1MDI4MDgyfQ.vWGr-yUDXSBwJy2yu3dwg6dpoTC9dTmQ9ZrC7Rt83vA[0;39m
[2024-01-15 11:20:01 [32mINFO [0;39m http-nio-8080-exec-4] [com.green.greengram4.security.JwtAuthenticationFilter] [36mcheckClass = class com.green.greengram4.security.JwtAuthenticationFilter[0;39m
[2024-01-15 11:20:01 [32mINFO [0;39m http-nio-8080-exec-4] [com.green.greengram4.security.JwtAuthenticationEntryPoint] [36mclass = class com.green.greengram4.security.JwtAuthenticationEntryPoint[0;39m
[2024-01-15 11:27:07 [32mINFO [0;39m http-nio-8080-exec-9] [com.green.greengram4.security.JwtAuthenticationFilter] [36mJwtAuthentication-Token = null[0;39m
[2024-01-15 11:27:07 [32mINFO [0;39m http-nio-8080-exec-9] [com.green.greengram4.security.JwtAuthenticationFilter] [36mcheckClass = class com.green.greengram4.security.JwtAuthenticationFilter[0;39m
[2024-01-15 11:27:07 [32mINFO [0;39m http-nio-8080-exec-9] [com.green.greengram4.security.JwtAuthenticationEntryPoint] [36mclass = class com.green.greengram4.security.JwtAuthenticationEntryPoint[0;39m
[2024-01-15 11:27:07 [32mINFO [0;39m http-nio-8080-exec-5] [com.green.greengram4.security.JwtAuthenticationFilter] [36mJwtAuthentication-Token = null[0;39m
[2024-01-15 11:27:07 [32mINFO [0;39m http-nio-8080-exec-5] [com.green.greengram4.security.JwtAuthenticationFilter] [36mcheckClass = class com.green.greengram4.security.JwtAuthenticationFilter[0;39m
[2024-01-15 11:27:07 [32mINFO [0;39m http-nio-8080-exec-5] [com.green.greengram4.security.JwtAuthenticationEntryPoint] [36mclass = class com.green.greengram4.security.JwtAuthenticationEntryPoint[0;39m
[2024-01-15 11:28:10 [32mINFO [0;39m restartedMain] [com.green.greengram4.Greengram4Application] [36mStarting Greengram4Application using Java 17.0.8.1 with PID 824 (D:\green\greengram4\build\classes\java\main started by Administrator in D:\green\greengram4)[0;39m
[2024-01-15 11:28:10 [32mDEBUG[0;39m restartedMain] [com.green.greengram4.Greengram4Application] [36mRunning with Spring Boot v3.2.1, Spring v6.1.2[0;39m
[2024-01-15 11:28:10 [32mINFO [0;39m restartedMain] [com.green.greengram4.Greengram4Application] [36mNo active profile set, falling back to 1 default profile: "default"[0;39m
[2024-01-15 11:28:10 [32mINFO [0;39m restartedMain] [org.springframework.boot.devtools.env.DevToolsPropertyDefaultsPostProcessor] [36mDevtools property defaults active! Set 'spring.devtools.add-properties' to 'false' to disable[0;39m
[2024-01-15 11:28:10 [32mINFO [0;39m restartedMain] [org.springframework.boot.devtools.env.DevToolsPropertyDefaultsPostProcessor] [36mFor additional web related logging consider setting the 'logging.level.web' property to 'DEBUG'[0;39m
[2024-01-15 11:28:11 [32mINFO [0;39m restartedMain] [org.springframework.boot.web.embedded.tomcat.TomcatWebServer] [36mTomcat initialized with port 8080 (http)[0;39m
[2024-01-15 11:28:11 [32mINFO [0;39m restartedMain] [org.apache.coyote.http11.Http11NioProtocol] [36mInitializing ProtocolHandler ["http-nio-8080"][0;39m
[2024-01-15 11:28:11 [32mINFO [0;39m restartedMain] [org.apache.catalina.core.StandardService] [36mStarting service [Tomcat][0;39m
[2024-01-15 11:28:11 [32mINFO [0;39m restartedMain] [org.apache.catalina.core.StandardEngine] [36mStarting Servlet engine: [Apache Tomcat/10.1.17][0;39m
[2024-01-15 11:28:11 [32mINFO [0;39m restartedMain] [org.apache.catalina.core.ContainerBase.[Tomcat].[localhost].[/]] [36mInitializing Spring embedded WebApplicationContext[0;39m
[2024-01-15 11:28:11 [32mINFO [0;39m restartedMain] [org.springframework.boot.web.servlet.context.ServletWebServerApplicationContext] [36mRoot WebApplicationContext: initialization completed in 908 ms[0;39m
[2024-01-15 11:28:11 [32mDEBUG[0;39m restartedMain] [com.green.greengram4.security.JwtAuthenticationFilter] [36mFilter 'jwtAuthenticationFilter' configured for use[0;39m
[2024-01-15 11:28:11 [32mINFO [0;39m restartedMain] [com.green.greengram4.common.FirebaseConfiguration] [36mFirebaseApp Initialization Complete !!![0;39m
[2024-01-15 11:28:11 [32mINFO [0;39m restartedMain] [com.green.greengram4.common.FirebaseConfiguration] [36mFirebaseApp's class = class com.green.greengram4.common.FirebaseConfiguration$$SpringCGLIB$$0[0;39m
[2024-01-15 11:28:11 [33mWARN [0;39m restartedMain] [org.springframework.boot.autoconfigure.security.servlet.UserDetailsServiceAutoConfiguration] [36m

Using generated security password: e4911727-8437-4f56-8935-8393b429cc3f

This generated password is for development use only. Your security configuration must be updated before running your application in production.
[0;39m
[2024-01-15 11:28:11 [32mINFO [0;39m restartedMain] [com.green.greengram4.security.SecurityConfiguration] [36mcheckClass = class com.green.greengram4.security.SecurityConfiguration$$SpringCGLIB$$0[0;39m
[2024-01-15 11:28:11 [32mINFO [0;39m restartedMain] [org.springframework.boot.autoconfigure.web.servlet.WelcomePageHandlerMapping] [36mAdding welcome page: class path resource [static/index.html][0;39m
[2024-01-15 11:28:11 [32mINFO [0;39m restartedMain] [org.springframework.security.web.DefaultSecurityFilterChain] [36mWill secure any request with [org.springframework.security.web.session.DisableEncodeUrlFilter@5715288e, org.springframework.security.web.context.request.async.WebAsyncManagerIntegrationFilter@257c3ea4, org.springframework.security.web.context.SecurityContextHolderFilter@1d0f4a26, org.springframework.security.web.header.HeaderWriterFilter@7cfdbfe4, org.springframework.web.filter.CorsFilter@1eb46e67, org.springframework.security.web.authentication.logout.LogoutFilter@4b9d94dd, com.green.greengram4.security.JwtAuthenticationFilter@3f8df63, org.springframework.security.web.savedrequest.RequestCacheAwareFilter@216bb3a9, org.springframework.security.web.servletapi.SecurityContextHolderAwareRequestFilter@28de275f, org.springframework.security.web.authentication.AnonymousAuthenticationFilter@3ab8a3eb, org.springframework.security.web.session.SessionManagementFilter@11253bac, org.springframework.security.web.access.ExceptionTranslationFilter@55bb65c4, org.springframework.security.web.access.intercept.AuthorizationFilter@5d65efdf][0;39m
[2024-01-15 11:28:11 [32mINFO [0;39m restartedMain] [org.springframework.boot.devtools.autoconfigure.OptionalLiveReloadServer] [36mLiveReload server is running on port 35729[0;39m
[2024-01-15 11:28:11 [32mINFO [0;39m restartedMain] [org.apache.coyote.http11.Http11NioProtocol] [36mStarting ProtocolHandler ["http-nio-8080"][0;39m
[2024-01-15 11:28:11 [32mINFO [0;39m restartedMain] [org.springframework.boot.web.embedded.tomcat.TomcatWebServer] [36mTomcat started on port 8080 (http) with context path ''[0;39m
[2024-01-15 11:28:11 [32mINFO [0;39m restartedMain] [com.green.greengram4.Greengram4Application] [36mStarted Greengram4Application in 1.983 seconds (process running for 2.428)[0;39m
[2024-01-15 11:28:16 [32mINFO [0;39m http-nio-8080-exec-1] [org.apache.catalina.core.ContainerBase.[Tomcat].[localhost].[/]] [36mInitializing Spring DispatcherServlet 'dispatcherServlet'[0;39m
[2024-01-15 11:28:16 [32mINFO [0;39m http-nio-8080-exec-1] [org.springframework.web.servlet.DispatcherServlet] [36mInitializing Servlet 'dispatcherServlet'[0;39m
[2024-01-15 11:28:16 [32mINFO [0;39m http-nio-8080-exec-1] [org.springframework.web.servlet.DispatcherServlet] [36mCompleted initialization in 1 ms[0;39m
[2024-01-15 11:28:16 [32mINFO [0;39m http-nio-8080-exec-1] [com.green.greengram4.security.JwtAuthenticationFilter] [36mJwtAuthentication-Token = null[0;39m
[2024-01-15 11:28:16 [32mINFO [0;39m http-nio-8080-exec-1] [com.green.greengram4.security.JwtAuthenticationFilter] [36mcheckClass = class com.green.greengram4.security.JwtAuthenticationFilter[0;39m
[2024-01-15 11:28:16 [32mINFO [0;39m http-nio-8080-exec-1] [com.green.greengram4.security.JwtAuthenticationEntryPoint] [36mclass = class com.green.greengram4.security.JwtAuthenticationEntryPoint[0;39m
[2024-01-15 11:28:16 [32mINFO [0;39m http-nio-8080-exec-2] [com.green.greengram4.security.JwtAuthenticationFilter] [36mJwtAuthentication-Token = null[0;39m
[2024-01-15 11:28:16 [32mINFO [0;39m http-nio-8080-exec-2] [com.green.greengram4.security.JwtAuthenticationFilter] [36mcheckClass = class com.green.greengram4.security.JwtAuthenticationFilter[0;39m
[2024-01-15 11:28:16 [32mINFO [0;39m http-nio-8080-exec-2] [com.green.greengram4.security.JwtAuthenticationEntryPoint] [36mclass = class com.green.greengram4.security.JwtAuthenticationEntryPoint[0;39m
[2024-01-15 11:28:22 [32mINFO [0;39m http-nio-8080-exec-4] [com.green.greengram4.security.JwtAuthenticationFilter] [36mJwtAuthentication-Token = null[0;39m
[2024-01-15 11:28:22 [32mINFO [0;39m http-nio-8080-exec-4] [com.green.greengram4.security.JwtAuthenticationFilter] [36mcheckClass = class com.green.greengram4.security.JwtAuthenticationFilter[0;39m
[2024-01-15 11:28:22 [32mINFO [0;39m http-nio-8080-exec-3] [com.green.greengram4.security.JwtAuthenticationFilter] [36mJwtAuthentication-Token = null[0;39m
[2024-01-15 11:28:22 [32mINFO [0;39m http-nio-8080-exec-3] [com.green.greengram4.security.JwtAuthenticationFilter] [36mcheckClass = class com.green.greengram4.security.JwtAuthenticationFilter[0;39m
[2024-01-15 11:28:22 [32mINFO [0;39m http-nio-8080-exec-7] [com.green.greengram4.security.JwtAuthenticationFilter] [36mJwtAuthentication-Token = null[0;39m
[2024-01-15 11:28:22 [32mINFO [0;39m http-nio-8080-exec-8] [com.green.greengram4.security.JwtAuthenticationFilter] [36mJwtAuthentication-Token = null[0;39m
[2024-01-15 11:28:22 [32mINFO [0;39m http-nio-8080-exec-7] [com.green.greengram4.security.JwtAuthenticationFilter] [36mcheckClass = class com.green.greengram4.security.JwtAuthenticationFilter[0;39m
[2024-01-15 11:28:22 [32mINFO [0;39m http-nio-8080-exec-8] [com.green.greengram4.security.JwtAuthenticationFilter] [36mcheckClass = class com.green.greengram4.security.JwtAuthenticationFilter[0;39m
[2024-01-15 11:28:22 [32mINFO [0;39m http-nio-8080-exec-5] [com.green.greengram4.security.JwtAuthenticationFilter] [36mJwtAuthentication-Token = null[0;39m
[2024-01-15 11:28:22 [32mINFO [0;39m http-nio-8080-exec-5] [com.green.greengram4.security.JwtAuthenticationFilter] [36mcheckClass = class com.green.greengram4.security.JwtAuthenticationFilter[0;39m
[2024-01-15 11:28:22 [32mINFO [0;39m http-nio-8080-exec-6] [com.green.greengram4.security.JwtAuthenticationFilter] [36mJwtAuthentication-Token = null[0;39m
[2024-01-15 11:28:22 [32mINFO [0;39m http-nio-8080-exec-6] [com.green.greengram4.security.JwtAuthenticationFilter] [36mcheckClass = class com.green.greengram4.security.JwtAuthenticationFilter[0;39m
[2024-01-15 11:28:22 [32mINFO [0;39m http-nio-8080-exec-9] [com.green.greengram4.security.JwtAuthenticationFilter] [36mJwtAuthentication-Token = null[0;39m
[2024-01-15 11:28:22 [32mINFO [0;39m http-nio-8080-exec-9] [com.green.greengram4.security.JwtAuthenticationFilter] [36mcheckClass = class com.green.greengram4.security.JwtAuthenticationFilter[0;39m
[2024-01-15 11:28:22 [32mINFO [0;39m http-nio-8080-exec-10] [com.green.greengram4.security.JwtAuthenticationFilter] [36mJwtAuthentication-Token = null[0;39m
[2024-01-15 11:28:22 [32mINFO [0;39m http-nio-8080-exec-10] [com.green.greengram4.security.JwtAuthenticationFilter] [36mcheckClass = class com.green.greengram4.security.JwtAuthenticationFilter[0;39m
[2024-01-15 11:28:22 [32mINFO [0;39m http-nio-8080-exec-1] [com.green.greengram4.security.JwtAuthenticationFilter] [36mJwtAuthentication-Token = null[0;39m
[2024-01-15 11:28:22 [32mINFO [0;39m http-nio-8080-exec-1] [com.green.greengram4.security.JwtAuthenticationFilter] [36mcheckClass = class com.green.greengram4.security.JwtAuthenticationFilter[0;39m
[2024-01-15 11:28:22 [32mINFO [0;39m http-nio-8080-exec-2] [com.green.greengram4.security.JwtAuthenticationFilter] [36mJwtAuthentication-Token = null[0;39m
[2024-01-15 11:28:22 [32mINFO [0;39m http-nio-8080-exec-2] [com.green.greengram4.security.JwtAuthenticationFilter] [36mcheckClass = class com.green.greengram4.security.JwtAuthenticationFilter[0;39m
[2024-01-15 11:28:22 [32mINFO [0;39m http-nio-8080-exec-2] [org.springdoc.api.AbstractOpenApiResource] [36mInit duration for springdoc-openapi is: 170 ms[0;39m
[2024-01-15 11:28:29 [32mINFO [0;39m http-nio-8080-exec-4] [com.green.greengram4.security.JwtAuthenticationFilter] [36mJwtAuthentication-Token = null[0;39m
[2024-01-15 11:28:29 [32mINFO [0;39m http-nio-8080-exec-4] [com.green.greengram4.security.JwtAuthenticationFilter] [36mcheckClass = class com.green.greengram4.security.JwtAuthenticationFilter[0;39m
[2024-01-15 11:28:29 [32mINFO [0;39m http-nio-8080-exec-4] [com.green.greengram4.user.UserController] [36muserSignInDto = UserSignInVo(uid=test, upw=test)[0;39m
[2024-01-15 11:28:29 [32mINFO [0;39m http-nio-8080-exec-4] [com.zaxxer.hikari.HikariDataSource] [36mHikariPool-1 - Starting...[0;39m
[2024-01-15 11:28:29 [32mINFO [0;39m http-nio-8080-exec-4] [com.zaxxer.hikari.pool.HikariPool] [36mHikariPool-1 - Added connection org.mariadb.jdbc.Connection@51f7ef1f[0;39m
[2024-01-15 11:28:29 [32mINFO [0;39m http-nio-8080-exec-4] [com.zaxxer.hikari.HikariDataSource] [36mHikariPool-1 - Start completed.[0;39m
[2024-01-15 11:28:29 [32mDEBUG[0;39m http-nio-8080-exec-4] [com.green.greengram4.user.UserMapper.getUserLoginInfo] [36m==>  Preparing: select iuser, uid, upw, nm, pic, created_at as createdAt, updated_at as updatedAt, firebase_token as firebaseToken from t_user where uid = ?[0;39m
[2024-01-15 11:28:29 [32mDEBUG[0;39m http-nio-8080-exec-4] [com.green.greengram4.user.UserMapper.getUserLoginInfo] [36m==> Parameters: test(String)[0;39m
[2024-01-15 11:28:29 [32mDEBUG[0;39m http-nio-8080-exec-4] [com.green.greengram4.user.UserMapper.getUserLoginInfo] [36m<==      Total: 1[0;39m
[2024-01-15 11:28:29 [32mINFO [0;39m http-nio-8080-exec-4] [com.green.greengram4.user.UserService] [36mresult = UserEntity(iuser=1, uid=test, upw=$2a$10$0WJrqbOdPp5DfILj43siPOjfdjbtoaDZynr5IK/Rh2zs0TccAg52i, nm=test, pic=test, createdAt=2023-11-29 12:45:10, updatedAt=2023-12-15 11:17:29, firebaseToken=eWps6gMIYOyTIQribcn86S:APA91bHgWASDDTUBqp4IiS7H5k23zPZTTpXQL-p07Uq0464mUHm8Ji3o9Nxm9BtB-NQx7NXhe9bqCBDMARNW_zaBRUoV7KHAHsiJ9xPSRdLDO0Wgo91G6namucdyQGIMua-ohas4R3DW)[0;39m
[2024-01-15 11:29:05 [32mINFO [0;39m http-nio-8080-exec-8] [com.green.greengram4.security.JwtAuthenticationFilter] [36mJwtAuthentication-Token = eyJhbGciOiJIUzI1NiJ9.eyJ1c2VyIjoie1wiaXVzZXJcIjoxfSIsImlhdCI6MTcwNTI4NTcwOSwiZXhwIjoxNzA1MjkyOTA5fQ.gJnlQHhVoKea8OV98r2DuVN5i1dplU4VYtPROSf5pXE[0;39m
[2024-01-15 11:29:05 [32mINFO [0;39m http-nio-8080-exec-8] [com.green.greengram4.security.JwtAuthenticationFilter] [36mcheckClass = class com.green.greengram4.security.JwtAuthenticationFilter[0;39m
[2024-01-15 11:29:05 [32mINFO [0;39m http-nio-8080-exec-8] [com.green.greengram4.feed.FeedController] [36mpics = [org.springframework.web.multipart.support.StandardMultipartHttpServletRequest$StandardMultipartFile@3d2cf7a6][0;39m
[2024-01-15 11:29:05 [32mINFO [0;39m http-nio-8080-exec-8] [com.green.greengram4.feed.FeedController] [36mdto = FeedInsDto(iuser=0, contents=내용, location=장소, pics=null)[0;39m
[2024-01-15 11:29:05 [32mDEBUG[0;39m http-nio-8080-exec-8] [com.green.greengram4.feed.FeedMapper.insertFeed] [36m==>  Preparing: insert into t_feed (iuser, contents, location) values (?, ?, ?)[0;39m
[2024-01-15 11:29:05 [32mDEBUG[0;39m http-nio-8080-exec-8] [com.green.greengram4.feed.FeedMapper.insertFeed] [36m==> Parameters: 1(Integer), 내용(String), 장소(String)[0;39m
[2024-01-15 11:29:05 [32mDEBUG[0;39m http-nio-8080-exec-8] [com.green.greengram4.feed.FeedMapper.insertFeed] [36m<==    Updates: 1[0;39m
[2024-01-15 11:29:05 [32mDEBUG[0;39m http-nio-8080-exec-8] [com.green.greengram4.feed.FeedPicsMapper.insertPic] [36m==>  Preparing: insert into t_feed_pics (ifeed, pic) values (?, ?)[0;39m
[2024-01-15 11:29:05 [32mDEBUG[0;39m http-nio-8080-exec-8] [com.green.greengram4.feed.FeedPicsMapper.insertPic] [36m==> Parameters: 147(Integer), 5ebec448-0695-4668-8254-1471c97e323e.png(String)[0;39m
[2024-01-15 11:29:05 [32mDEBUG[0;39m http-nio-8080-exec-8] [com.green.greengram4.feed.FeedPicsMapper.insertPic] [36m<==    Updates: 1[0;39m
[2024-01-15 11:40:37 [32mINFO [0;39m http-nio-8080-exec-4] [com.green.greengram4.security.JwtAuthenticationFilter] [36mJwtAuthentication-Token = eyJhbGciOiJIUzI1NiJ9.eyJ1c2VyIjoie1wiaXVzZXJcIjoxfSIsImlhdCI6MTcwNTI4NTcwOSwiZXhwIjoxNzA1MjkyOTA5fQ.gJnlQHhVoKea8OV98r2DuVN5i1dplU4VYtPROSf5pXE[0;39m
[2024-01-15 11:40:37 [32mINFO [0;39m http-nio-8080-exec-4] [com.green.greengram4.security.JwtAuthenticationFilter] [36mcheckClass = class com.green.greengram4.security.JwtAuthenticationFilter[0;39m
[2024-01-15 11:40:37 [32mINFO [0;39m http-nio-8080-exec-4] [com.green.greengram4.feed.FeedController] [36mpics = [org.springframework.web.multipart.support.StandardMultipartHttpServletRequest$StandardMultipartFile@33ac1f83, org.springframework.web.multipart.support.StandardMultipartHttpServletRequest$StandardMultipartFile@2697d43d, org.springframework.web.multipart.support.StandardMultipartHttpServletRequest$StandardMultipartFile@2ddf3294][0;39m
[2024-01-15 11:40:37 [32mINFO [0;39m http-nio-8080-exec-4] [com.green.greengram4.feed.FeedController] [36mdto = FeedInsDto(iuser=0, contents=내용, location=장소, pics=null)[0;39m
[2024-01-15 11:40:37 [32mDEBUG[0;39m http-nio-8080-exec-4] [com.green.greengram4.feed.FeedMapper.insertFeed] [36m==>  Preparing: insert into t_feed (iuser, contents, location) values (?, ?, ?)[0;39m
[2024-01-15 11:40:37 [32mDEBUG[0;39m http-nio-8080-exec-4] [com.green.greengram4.feed.FeedMapper.insertFeed] [36m==> Parameters: 1(Integer), 내용(String), 장소(String)[0;39m
[2024-01-15 11:40:37 [32mDEBUG[0;39m http-nio-8080-exec-4] [com.green.greengram4.feed.FeedMapper.insertFeed] [36m<==    Updates: 1[0;39m
[2024-01-15 11:40:37 [32mDEBUG[0;39m http-nio-8080-exec-4] [com.green.greengram4.feed.FeedPicsMapper.insertPic] [36m==>  Preparing: insert into t_feed_pics (ifeed, pic) values (?, ?) , (?, ?) , (?, ?)[0;39m
[2024-01-15 11:40:37 [32mDEBUG[0;39m http-nio-8080-exec-4] [com.green.greengram4.feed.FeedPicsMapper.insertPic] [36m==> Parameters: 148(Integer), 23f25d98-78c2-4d93-bbce-f4807da00303.png(String), 148(Integer), 923b4442-5447-4f54-a2fd-cc2d324ee174.png(String), 148(Integer), a71826a1-3dee-4001-b3e5-2d417ec7f853.png(String)[0;39m
[2024-01-15 11:40:37 [32mDEBUG[0;39m http-nio-8080-exec-4] [com.green.greengram4.feed.FeedPicsMapper.insertPic] [36m<==    Updates: 3[0;39m
[2024-01-15 12:13:38 [32mINFO [0;39m File Watcher] [org.springframework.boot.devtools.autoconfigure.LocalDevToolsAutoConfiguration$RestartingClassPathChangeChangedEventListener] [36mRestarting due to 32 class path changes (0 additions, 0 deletions, 32 modifications)[0;39m
[2024-01-15 12:13:38 [32mINFO [0;39m Thread-5] [org.apache.coyote.http11.Http11NioProtocol] [36mStopping ProtocolHandler ["http-nio-8080"][0;39m
[2024-01-15 12:13:38 [32mINFO [0;39m Thread-5] [com.zaxxer.hikari.HikariDataSource] [36mHikariPool-1 - Shutdown initiated...[0;39m
[2024-01-15 12:13:38 [32mINFO [0;39m Thread-5] [com.zaxxer.hikari.HikariDataSource] [36mHikariPool-1 - Shutdown completed.[0;39m
[2024-01-15 12:13:38 [32mINFO [0;39m restartedMain] [com.green.greengram4.Greengram4Application] [36mStarting Greengram4Application using Java 17.0.8.1 with PID 824 (D:\green\greengram4\build\classes\java\main started by Administrator in D:\green\greengram4)[0;39m
[2024-01-15 12:13:38 [32mDEBUG[0;39m restartedMain] [com.green.greengram4.Greengram4Application] [36mRunning with Spring Boot v3.2.1, Spring v6.1.2[0;39m
[2024-01-15 12:13:38 [32mINFO [0;39m restartedMain] [com.green.greengram4.Greengram4Application] [36mNo active profile set, falling back to 1 default profile: "default"[0;39m
[2024-01-15 12:13:38 [32mINFO [0;39m restartedMain] [org.springframework.boot.web.embedded.tomcat.TomcatWebServer] [36mTomcat initialized with port 8080 (http)[0;39m
[2024-01-15 12:13:38 [32mINFO [0;39m restartedMain] [org.apache.coyote.http11.Http11NioProtocol] [36mInitializing ProtocolHandler ["http-nio-8080"][0;39m
[2024-01-15 12:13:38 [32mINFO [0;39m restartedMain] [org.apache.catalina.core.StandardService] [36mStarting service [Tomcat][0;39m
[2024-01-15 12:13:38 [32mINFO [0;39m restartedMain] [org.apache.catalina.core.StandardEngine] [36mStarting Servlet engine: [Apache Tomcat/10.1.17][0;39m
[2024-01-15 12:13:39 [32mINFO [0;39m restartedMain] [org.apache.catalina.core.ContainerBase.[Tomcat].[localhost].[/]] [36mInitializing Spring embedded WebApplicationContext[0;39m
[2024-01-15 12:13:39 [32mINFO [0;39m restartedMain] [org.springframework.boot.web.servlet.context.ServletWebServerApplicationContext] [36mRoot WebApplicationContext: initialization completed in 256 ms[0;39m
[2024-01-15 12:13:39 [32mDEBUG[0;39m restartedMain] [com.green.greengram4.security.JwtAuthenticationFilter] [36mFilter 'jwtAuthenticationFilter' configured for use[0;39m
[2024-01-15 12:13:39 [33mWARN [0;39m restartedMain] [org.springframework.boot.autoconfigure.security.servlet.UserDetailsServiceAutoConfiguration] [36m

Using generated security password: d1350050-c940-474f-a35f-1b1118786d60

This generated password is for development use only. Your security configuration must be updated before running your application in production.
[0;39m
[2024-01-15 12:13:39 [32mINFO [0;39m restartedMain] [com.green.greengram4.security.SecurityConfiguration] [36mcheckClass = class com.green.greengram4.security.SecurityConfiguration$$SpringCGLIB$$0[0;39m
[2024-01-15 12:13:39 [32mINFO [0;39m restartedMain] [org.springframework.boot.autoconfigure.web.servlet.WelcomePageHandlerMapping] [36mAdding welcome page: class path resource [static/index.html][0;39m
[2024-01-15 12:13:39 [32mINFO [0;39m restartedMain] [org.springframework.security.web.DefaultSecurityFilterChain] [36mWill secure any request with [org.springframework.security.web.session.DisableEncodeUrlFilter@7cb2e2c2, org.springframework.security.web.context.request.async.WebAsyncManagerIntegrationFilter@376baae0, org.springframework.security.web.context.SecurityContextHolderFilter@27641fd9, org.springframework.security.web.header.HeaderWriterFilter@3bbf9b70, org.springframework.web.filter.CorsFilter@4ccfb91c, org.springframework.security.web.authentication.logout.LogoutFilter@771cf0a7, com.green.greengram4.security.JwtAuthenticationFilter@2babe2b2, org.springframework.security.web.savedrequest.RequestCacheAwareFilter@9f466c0, org.springframework.security.web.servletapi.SecurityContextHolderAwareRequestFilter@4e570895, org.springframework.security.web.authentication.AnonymousAuthenticationFilter@7d3494d1, org.springframework.security.web.session.SessionManagementFilter@61feba91, org.springframework.security.web.access.ExceptionTranslationFilter@31a3f3b6, org.springframework.security.web.access.intercept.AuthorizationFilter@6cbbbe3a][0;39m
[2024-01-15 12:13:39 [32mINFO [0;39m restartedMain] [org.springframework.boot.devtools.autoconfigure.OptionalLiveReloadServer] [36mLiveReload server is running on port 35729[0;39m
[2024-01-15 12:13:39 [32mINFO [0;39m restartedMain] [org.apache.coyote.http11.Http11NioProtocol] [36mStarting ProtocolHandler ["http-nio-8080"][0;39m
[2024-01-15 12:13:39 [32mINFO [0;39m restartedMain] [org.springframework.boot.web.embedded.tomcat.TomcatWebServer] [36mTomcat started on port 8080 (http) with context path ''[0;39m
[2024-01-15 12:13:39 [32mINFO [0;39m restartedMain] [com.green.greengram4.Greengram4Application] [36mStarted Greengram4Application in 0.465 seconds (process running for 2729.815)[0;39m
[2024-01-15 12:13:39 [32mINFO [0;39m restartedMain] [org.springframework.boot.devtools.autoconfigure.ConditionEvaluationDeltaLoggingListener] [36mCondition evaluation unchanged[0;39m
